FXC : warning X4717: Effects deprecated for D3DCompiler_47
  
  compilation object save succeeded; see C:\Users\namsy\source\repos\Graphics\x64\Debug\depth_ps.cso
FXC : warning X4717: Effects deprecated for D3DCompiler_47
  
  compilation object save succeeded; see C:\Users\namsy\source\repos\Graphics\x64\Debug\depth_vs.cso
FXC : warning X4717: Effects deprecated for D3DCompiler_47
  
  compilation object save succeeded; see C:\Users\namsy\source\repos\Graphics\x64\Debug\horizontalblur_ps.cso
FXC : warning X4717: Effects deprecated for D3DCompiler_47
  
  compilation object save succeeded; see C:\Users\namsy\source\repos\Graphics\x64\Debug\horizontalblur_vs.cso
FXC : warning X4717: Effects deprecated for D3DCompiler_47
  
  compilation object save succeeded; see C:\Users\namsy\source\repos\Graphics\x64\Debug\shadow_ps.cso
FXC : warning X4717: Effects deprecated for D3DCompiler_47
  
  compilation object save succeeded; see C:\Users\namsy\source\repos\Graphics\x64\Debug\shadow_vs.cso
FXC : warning X4717: Effects deprecated for D3DCompiler_47
  
  compilation object save succeeded; see C:\Users\namsy\source\repos\Graphics\x64\Debug\skydome_ps.cso
FXC : warning X4717: Effects deprecated for D3DCompiler_47
  
  compilation object save succeeded; see C:\Users\namsy\source\repos\Graphics\x64\Debug\skydome_vs.cso
FXC : warning X4717: Effects deprecated for D3DCompiler_47
  
  compilation object save succeeded; see C:\Users\namsy\source\repos\Graphics\x64\Debug\softshadow_ps.cso
FXC : warning X4717: Effects deprecated for D3DCompiler_47
  
  compilation object save succeeded; see C:\Users\namsy\source\repos\Graphics\x64\Debug\softshadow_vs.cso
FXC : warning X4717: Effects deprecated for D3DCompiler_47
  
  compilation object save succeeded; see C:\Users\namsy\source\repos\Graphics\x64\Debug\terrain_ps.cso
FXC : warning X4717: Effects deprecated for D3DCompiler_47
  
  compilation object save succeeded; see C:\Users\namsy\source\repos\Graphics\x64\Debug\terrain_vs.cso
FXC : warning X4717: Effects deprecated for D3DCompiler_47
  
  compilation object save succeeded; see C:\Users\namsy\source\repos\Graphics\x64\Debug\verticalblur_ps.cso
FXC : warning X4717: Effects deprecated for D3DCompiler_47
  
  compilation object save succeeded; see C:\Users\namsy\source\repos\Graphics\x64\Debug\verticalblur_vs.cso
  bitmapclass.cpp
C:\Users\namsy\source\repos\Graphics\Graphics\bitmapclass.cpp(15,26): error C2143: 구문 오류: ')'이(가) 'const' 앞에 없습니다.
C:\Users\namsy\source\repos\Graphics\Graphics\bitmapclass.cpp(15,26): error C2143: 구문 오류: ';'이(가) 'const' 앞에 없습니다.
C:\Users\namsy\source\repos\Graphics\Graphics\bitmapclass.cpp(15,50): error C2059: 구문 오류: ')'
C:\Users\namsy\source\repos\Graphics\Graphics\bitmapclass.cpp(20,15): error C2143: 구문 오류: ';'이(가) 'BitmapClass::~BitmapClass' 앞에 없습니다.
C:\Users\namsy\source\repos\Graphics\Graphics\bitmapclass.cpp(20,26): error C2064: 항은 1개의 인수를 받아들이는 함수로 계산되지 않습니다.
C:\Users\namsy\source\repos\Graphics\Graphics\bitmapclass.cpp(25,1): error C2144: 구문 오류: bool'은(는) ';' 다음에 와야 합니다.
C:\Users\namsy\source\repos\Graphics\Graphics\bitmapclass.cpp(25,19): error C2601: 'BitmapClass::Initialize': 지역 함수 정의가 잘못되었습니다.
C:\Users\namsy\source\repos\Graphics\Graphics\bitmapclass.cpp(8): message : 이 줄에 짝이 되지 않는 '{'가 들어 있습니다.
C:\Users\namsy\source\repos\Graphics\Graphics\bitmapclass.cpp(60,19): error C2601: 'BitmapClass::Shutdown': 지역 함수 정의가 잘못되었습니다.
C:\Users\namsy\source\repos\Graphics\Graphics\bitmapclass.cpp(8): message : 이 줄에 짝이 되지 않는 '{'가 들어 있습니다.
C:\Users\namsy\source\repos\Graphics\Graphics\bitmapclass.cpp(72,19): error C2601: 'BitmapClass::Render': 지역 함수 정의가 잘못되었습니다.
C:\Users\namsy\source\repos\Graphics\Graphics\bitmapclass.cpp(8): message : 이 줄에 짝이 되지 않는 '{'가 들어 있습니다.
C:\Users\namsy\source\repos\Graphics\Graphics\bitmapclass.cpp(90,19): error C2601: 'BitmapClass::SetPosition': 지역 함수 정의가 잘못되었습니다.
C:\Users\namsy\source\repos\Graphics\Graphics\bitmapclass.cpp(8): message : 이 줄에 짝이 되지 않는 '{'가 들어 있습니다.
C:\Users\namsy\source\repos\Graphics\Graphics\bitmapclass.cpp(97,19): error C2601: 'BitmapClass::SetScale': 지역 함수 정의가 잘못되었습니다.
C:\Users\namsy\source\repos\Graphics\Graphics\bitmapclass.cpp(8): message : 이 줄에 짝이 되지 않는 '{'가 들어 있습니다.
C:\Users\namsy\source\repos\Graphics\Graphics\bitmapclass.cpp(105,18): error C2601: 'BitmapClass::GetIndexCount': 지역 함수 정의가 잘못되었습니다.
C:\Users\namsy\source\repos\Graphics\Graphics\bitmapclass.cpp(8): message : 이 줄에 짝이 되지 않는 '{'가 들어 있습니다.
C:\Users\namsy\source\repos\Graphics\Graphics\bitmapclass.cpp(111,40): error C2601: 'BitmapClass::GetTexture': 지역 함수 정의가 잘못되었습니다.
C:\Users\namsy\source\repos\Graphics\Graphics\bitmapclass.cpp(8): message : 이 줄에 짝이 되지 않는 '{'가 들어 있습니다.
C:\Users\namsy\source\repos\Graphics\Graphics\bitmapclass.cpp(116,19): error C2601: 'BitmapClass::GetPosition': 지역 함수 정의가 잘못되었습니다.
C:\Users\namsy\source\repos\Graphics\Graphics\bitmapclass.cpp(8): message : 이 줄에 짝이 되지 않는 '{'가 들어 있습니다.
C:\Users\namsy\source\repos\Graphics\Graphics\bitmapclass.cpp(123,19): error C2601: 'BitmapClass::GetScale': 지역 함수 정의가 잘못되었습니다.
C:\Users\namsy\source\repos\Graphics\Graphics\bitmapclass.cpp(8): message : 이 줄에 짝이 되지 않는 '{'가 들어 있습니다.
C:\Users\namsy\source\repos\Graphics\Graphics\bitmapclass.cpp(131,19): error C2601: 'BitmapClass::InitializeBuffers': 지역 함수 정의가 잘못되었습니다.
C:\Users\namsy\source\repos\Graphics\Graphics\bitmapclass.cpp(8): message : 이 줄에 짝이 되지 않는 '{'가 들어 있습니다.
C:\Users\namsy\source\repos\Graphics\Graphics\bitmapclass.cpp(221,19): error C2601: 'BitmapClass::ShutdownBuffers': 지역 함수 정의가 잘못되었습니다.
C:\Users\namsy\source\repos\Graphics\Graphics\bitmapclass.cpp(8): message : 이 줄에 짝이 되지 않는 '{'가 들어 있습니다.
C:\Users\namsy\source\repos\Graphics\Graphics\bitmapclass.cpp(241,19): error C2601: 'BitmapClass::UpdateBuffers': 지역 함수 정의가 잘못되었습니다.
C:\Users\namsy\source\repos\Graphics\Graphics\bitmapclass.cpp(8): message : 이 줄에 짝이 되지 않는 '{'가 들어 있습니다.
C:\Users\namsy\source\repos\Graphics\Graphics\bitmapclass.cpp(325,19): error C2601: 'BitmapClass::RenderBuffers': 지역 함수 정의가 잘못되었습니다.
C:\Users\namsy\source\repos\Graphics\Graphics\bitmapclass.cpp(8): message : 이 줄에 짝이 되지 않는 '{'가 들어 있습니다.
C:\Users\namsy\source\repos\Graphics\Graphics\bitmapclass.cpp(348,19): error C2601: 'BitmapClass::LoadTexture': 지역 함수 정의가 잘못되었습니다.
C:\Users\namsy\source\repos\Graphics\Graphics\bitmapclass.cpp(8): message : 이 줄에 짝이 되지 않는 '{'가 들어 있습니다.
C:\Users\namsy\source\repos\Graphics\Graphics\bitmapclass.cpp(371,19): error C2601: 'BitmapClass::ReleaseTexture': 지역 함수 정의가 잘못되었습니다.
C:\Users\namsy\source\repos\Graphics\Graphics\bitmapclass.cpp(8): message : 이 줄에 짝이 되지 않는 '{'가 들어 있습니다.
C:\Users\namsy\source\repos\Graphics\Graphics\bitmapclass.cpp(8): fatal error C1075: '{': 일치하는 토큰을 찾을 수 없습니다.
  cameraclass.cpp
  CpuClass.cpp
  d3dclass.cpp
C:\Users\namsy\source\repos\Graphics\Graphics\d3dclass.cpp(133,93): error C2664: 'errno_t wcstombs_s(size_t *,char *,size_t,const wchar_t *,size_t)': 인수 1을(를) 'unsigned int *'에서 'size_t *'(으)로 변환할 수 없습니다.
C:\Users\namsy\source\repos\Graphics\Graphics\d3dclass.cpp(133,21): message : 가리킨 형식이 관련이 없습니다. 변환하려면 reinterpret_cast, C 스타일 캐스트 또는 함수 스타일 캐스트가 필요합니다.
C:\Program Files (x86)\Windows Kits\10\Include\10.0.19041.0\ucrt\stdlib.h(996,26): message : 'wcstombs_s' 선언을 참조하십시오.
  DDSTextureLoader.cpp
  DepthShaderClass.cpp
  fontclass.cpp
  fontshaderclass.cpp
C:\Users\namsy\source\repos\Graphics\Graphics\fontshaderclass.cpp(297,42): warning C4244: '=': 'SIZE_T'에서 'unsigned long'(으)로 변환하면서 데이터가 손실될 수 있습니다.
  FpsClass.cpp
  graphicsclass.cpp
C:\Users\namsy\source\repos\Graphics\Graphics\graphicsclass.cpp(812,11): warning C4101: 'terrainMatrix' :참조되지 않은 지역 변수입니다.
  HorizontalBlurShaderClass.cpp
  inputclass.cpp
  C:\Program Files (x86)\Windows Kits\10\Include\10.0.19041.0\um\dinput.h: DIRECTINPUT_VERSION undefined. Defaulting to version 0x0800
  LightClass.cpp
  lightshaderclass.cpp
C:\Users\namsy\source\repos\Graphics\Graphics\lightshaderclass.cpp(313,42): warning C4244: '=': 'SIZE_T'에서 'unsigned long'(으)로 변환하면서 데이터가 손실될 수 있습니다.
  main.cpp
  C:\Program Files (x86)\Windows Kits\10\Include\10.0.19041.0\um\dinput.h: DIRECTINPUT_VERSION undefined. Defaulting to version 0x0800
  modelclass.cpp
  OrthoWindowClass.cpp
  RenderTextureClass.cpp
  ShadowShaderClass.cpp
  SkyDomeClass.cpp
  코드를 생성하고 있습니다...
  컴파일하고 있습니다...
  SkyDomeShaderClass.cpp
  SoftShadowShaderClass.cpp
  SoundClass.cpp
C:\Users\namsy\source\repos\Graphics\Graphics\SoundClass.cpp(136,81): warning C4267: '초기화 중': 'size_t'에서 'unsigned int'(으)로 변환하면서 데이터가 손실될 수 있습니다.
C:\Users\namsy\source\repos\Graphics\Graphics\SoundClass.cpp(241,62): warning C4267: '=': 'size_t'에서 'unsigned int'(으)로 변환하면서 데이터가 손실될 수 있습니다.
  stdafx.cpp
  systemclass.cpp
  C:\Program Files (x86)\Windows Kits\10\Include\10.0.19041.0\um\dinput.h: DIRECTINPUT_VERSION undefined. Defaulting to version 0x0800
  TerrainClass.cpp
  TerrainShaderClass.cpp
  textclass.cpp
  textureclass.cpp
  textureshaderclass.cpp
C:\Users\namsy\source\repos\Graphics\Graphics\textureshaderclass.cpp(281,42): warning C4244: '=': 'SIZE_T'에서 'unsigned long'(으)로 변환하면서 데이터가 손실될 수 있습니다.
  TimerClass.cpp
  VerticalBlurShaderClass.cpp
  코드를 생성하고 있습니다...
