FXC : warning X4717: Effects deprecated for D3DCompiler_47
  
  compilation object save succeeded; see C:\Users\namsy\Desktop\Graphics\Release\depth_ps.cso
FXC : warning X4717: Effects deprecated for D3DCompiler_47
  
  compilation object save succeeded; see C:\Users\namsy\Desktop\Graphics\Release\depth_vs.cso
FXC : warning X4717: Effects deprecated for D3DCompiler_47
C:\Users\namsy\Desktop\Graphics\Graphics\data\fire_ps.hlsl(88,2-25): warning X3206: implicit truncation of vector type
  
  compilation object save succeeded; see C:\Users\namsy\Desktop\Graphics\Release\fire_ps.cso
FXC : warning X4717: Effects deprecated for D3DCompiler_47
  
  compilation object save succeeded; see C:\Users\namsy\Desktop\Graphics\Release\fire_vs.cso
FXC : warning X4717: Effects deprecated for D3DCompiler_47
  
  compilation object save succeeded; see C:\Users\namsy\Desktop\Graphics\Release\foliage_ps.cso
FXC : warning X4717: Effects deprecated for D3DCompiler_47
  
  compilation object save succeeded; see C:\Users\namsy\Desktop\Graphics\Release\foliage_vs.cso
FXC : warning X4717: Effects deprecated for D3DCompiler_47
  
  compilation object save succeeded; see C:\Users\namsy\Desktop\Graphics\Release\horizontalblur_ps.cso
FXC : warning X4717: Effects deprecated for D3DCompiler_47
  
  compilation object save succeeded; see C:\Users\namsy\Desktop\Graphics\Release\horizontalblur_vs.cso
FXC : warning X4717: Effects deprecated for D3DCompiler_47
  
  compilation object save succeeded; see C:\Users\namsy\Desktop\Graphics\Release\shadow_ps.cso
FXC : warning X4717: Effects deprecated for D3DCompiler_47
  
  compilation object save succeeded; see C:\Users\namsy\Desktop\Graphics\Release\shadow_vs.cso
FXC : warning X4717: Effects deprecated for D3DCompiler_47
  
  compilation object save succeeded; see C:\Users\namsy\Desktop\Graphics\Release\skydome_ps.cso
FXC : warning X4717: Effects deprecated for D3DCompiler_47
  
  compilation object save succeeded; see C:\Users\namsy\Desktop\Graphics\Release\skydome_vs.cso
FXC : warning X4717: Effects deprecated for D3DCompiler_47
  
  compilation object save succeeded; see C:\Users\namsy\Desktop\Graphics\Release\softshadow_ps.cso
FXC : warning X4717: Effects deprecated for D3DCompiler_47
  
  compilation object save succeeded; see C:\Users\namsy\Desktop\Graphics\Release\softshadow_vs.cso
FXC : warning X4717: Effects deprecated for D3DCompiler_47
  
  compilation object save succeeded; see C:\Users\namsy\Desktop\Graphics\Release\terrain_ps.cso
FXC : warning X4717: Effects deprecated for D3DCompiler_47
  
  compilation object save succeeded; see C:\Users\namsy\Desktop\Graphics\Release\terrain_vs.cso
FXC : warning X4717: Effects deprecated for D3DCompiler_47
  
  compilation object save succeeded; see C:\Users\namsy\Desktop\Graphics\Release\verticalblur_ps.cso
FXC : warning X4717: Effects deprecated for D3DCompiler_47
  
  compilation object save succeeded; see C:\Users\namsy\Desktop\Graphics\Release\verticalblur_vs.cso
  graphicsclass.cpp
C:\Users\namsy\Desktop\Graphics\Graphics\graphicsclass.cpp(293,26): warning C4316: 'LightClass': 힙에 할당된 개체가 16에 맞추어져 있지 않을 수도 있습니다
C:\Users\namsy\Desktop\Graphics\Graphics\graphicsclass.cpp(1744,20): warning C4018: '<': signed 또는 unsigned가 일치하지 않습니다.
  inputclass.cpp
  C:\Program Files (x86)\Windows Kits\10\Include\10.0.20348.0\um\dinput.h: DIRECTINPUT_VERSION undefined. Defaulting to version 0x0800
  main.cpp
  C:\Program Files (x86)\Windows Kits\10\Include\10.0.20348.0\um\dinput.h: DIRECTINPUT_VERSION undefined. Defaulting to version 0x0800
  systemclass.cpp
  C:\Program Files (x86)\Windows Kits\10\Include\10.0.20348.0\um\dinput.h: DIRECTINPUT_VERSION undefined. Defaulting to version 0x0800
C:\Users\namsy\Desktop\Graphics\Graphics\systemclass.cpp(197,2): warning C4065: switch문에 'default'가 있으나 'case' 레이블이 없습니다.
  코드를 생성하고 있습니다.
  0 of 960 functions ( 0.0%) were compiled, the rest were copied from previous compilation.
    0 functions were new in current compilation
    0 functions had inline decision re-evaluated but remain unchanged
  코드를 생성했습니다.
  Graphics.vcxproj -> C:\Users\namsy\Desktop\Graphics\Release\Graphics.exe
