FXC : warning X4717: Effects deprecated for D3DCompiler_47
  
  compilation object save succeeded; see C:\Users\namsy\Desktop\Graphics\x64\Release\depth_ps.cso
FXC : warning X4717: Effects deprecated for D3DCompiler_47
  
  compilation object save succeeded; see C:\Users\namsy\Desktop\Graphics\x64\Release\depth_vs.cso
FXC : warning X4717: Effects deprecated for D3DCompiler_47
C:\Users\namsy\Desktop\Graphics\Graphics\data\fire_ps.hlsl(88,2-25): warning X3206: implicit truncation of vector type
  
  compilation object save succeeded; see C:\Users\namsy\Desktop\Graphics\x64\Release\fire_ps.cso
FXC : warning X4717: Effects deprecated for D3DCompiler_47
  
  compilation object save succeeded; see C:\Users\namsy\Desktop\Graphics\x64\Release\fire_vs.cso
FXC : warning X4717: Effects deprecated for D3DCompiler_47
  
  compilation object save succeeded; see C:\Users\namsy\Desktop\Graphics\x64\Release\foliage_ps.cso
FXC : warning X4717: Effects deprecated for D3DCompiler_47
  
  compilation object save succeeded; see C:\Users\namsy\Desktop\Graphics\x64\Release\foliage_vs.cso
FXC : warning X4717: Effects deprecated for D3DCompiler_47
  
  compilation object save succeeded; see C:\Users\namsy\Desktop\Graphics\x64\Release\horizontalblur_ps.cso
FXC : warning X4717: Effects deprecated for D3DCompiler_47
  
  compilation object save succeeded; see C:\Users\namsy\Desktop\Graphics\x64\Release\horizontalblur_vs.cso
FXC : warning X4717: Effects deprecated for D3DCompiler_47
  
  compilation object save succeeded; see C:\Users\namsy\Desktop\Graphics\x64\Release\shadow_ps.cso
FXC : warning X4717: Effects deprecated for D3DCompiler_47
  
  compilation object save succeeded; see C:\Users\namsy\Desktop\Graphics\x64\Release\shadow_vs.cso
FXC : warning X4717: Effects deprecated for D3DCompiler_47
  
  compilation object save succeeded; see C:\Users\namsy\Desktop\Graphics\x64\Release\skydome_ps.cso
FXC : warning X4717: Effects deprecated for D3DCompiler_47
  
  compilation object save succeeded; see C:\Users\namsy\Desktop\Graphics\x64\Release\skydome_vs.cso
FXC : warning X4717: Effects deprecated for D3DCompiler_47
  
  compilation object save succeeded; see C:\Users\namsy\Desktop\Graphics\x64\Release\softshadow_ps.cso
FXC : warning X4717: Effects deprecated for D3DCompiler_47
  
  compilation object save succeeded; see C:\Users\namsy\Desktop\Graphics\x64\Release\softshadow_vs.cso
FXC : warning X4717: Effects deprecated for D3DCompiler_47
  
  compilation object save succeeded; see C:\Users\namsy\Desktop\Graphics\x64\Release\terrain_ps.cso
FXC : warning X4717: Effects deprecated for D3DCompiler_47
  
  compilation object save succeeded; see C:\Users\namsy\Desktop\Graphics\x64\Release\terrain_vs.cso
FXC : warning X4717: Effects deprecated for D3DCompiler_47
  
  compilation object save succeeded; see C:\Users\namsy\Desktop\Graphics\x64\Release\verticalblur_ps.cso
FXC : warning X4717: Effects deprecated for D3DCompiler_47
  
  compilation object save succeeded; see C:\Users\namsy\Desktop\Graphics\x64\Release\verticalblur_vs.cso
  bitmapclass.cpp
  cameraclass.cpp
  CpuClass.cpp
  d3dclass.cpp
C:\Users\namsy\Desktop\Graphics\Graphics\d3dclass.cpp(133,93): error C2664: 'errno_t wcstombs_s(size_t *,char *,size_t,const wchar_t *,size_t)': 인수 1을(를) 'unsigned int *'에서 'size_t *'(으)로 변환할 수 없습니다.
C:\Users\namsy\Desktop\Graphics\Graphics\d3dclass.cpp(133,21): message : 가리킨 형식이 관련이 없습니다. 변환하려면 reinterpret_cast, C 스타일 캐스트 또는 함수 스타일 캐스트가 필요합니다.
C:\Program Files (x86)\Windows Kits\10\Include\10.0.20348.0\ucrt\stdlib.h(996,26): message : 'wcstombs_s' 선언을 참조하십시오.
  DDSTextureLoader.cpp
  DepthShaderClass.cpp
  FireShaderClass.cpp
C:\Users\namsy\Desktop\Graphics\Graphics\FireShaderClass.cpp(1,1): warning C4819: 현재 코드 페이지(949)에서 표시할 수 없는 문자가 파일에 들어 있습니다. 데이터가 손실되지 않게 하려면 해당 파일을 유니코드 형식으로 저장하십시오.
  foliageclass.cpp
C:\Users\namsy\Desktop\Graphics\Graphics\foliageclass.cpp(380,40): warning C4244: '=': 'int'에서 'float'(으)로 변환하면서 데이터가 손실될 수 있습니다.
C:\Users\namsy\Desktop\Graphics\Graphics\foliageclass.cpp(381,40): warning C4244: '=': 'int'에서 'float'(으)로 변환하면서 데이터가 손실될 수 있습니다.
  foliageshaderclass.cpp
  fontclass.cpp
  fontshaderclass.cpp
C:\Users\namsy\Desktop\Graphics\Graphics\fontshaderclass.cpp(297,42): warning C4244: '=': 'SIZE_T'에서 'unsigned long'(으)로 변환하면서 데이터가 손실될 수 있습니다.
  FpsClass.cpp
  graphicsclass.cpp
  HorizontalBlurShaderClass.cpp
  inputclass.cpp
  C:\Program Files (x86)\Windows Kits\10\Include\10.0.20348.0\um\dinput.h: DIRECTINPUT_VERSION undefined. Defaulting to version 0x0800
C:\Users\namsy\Desktop\Graphics\Graphics\stdafx.h(8,1): warning C4005: '_WIN32_WINNT': 매크로 재정의
C:\Program Files (x86)\Windows Kits\10\Include\10.0.20348.0\shared\sdkddkver.h(220): message : '_WIN32_WINNT'의 이전 정의를 참조하십시오.
C:\Users\namsy\Desktop\Graphics\Graphics\DxDefine.h(3,1): warning C4005: 'DIRECTINPUT_VERSION': 매크로 재정의
C:\Program Files (x86)\Windows Kits\10\Include\10.0.20348.0\um\dinput.h(48): message : 'DIRECTINPUT_VERSION'의 이전 정의를 참조하십시오.
  LightClass.cpp
  lightshaderclass.cpp
C:\Users\namsy\Desktop\Graphics\Graphics\lightshaderclass.cpp(313,42): warning C4244: '=': 'SIZE_T'에서 'unsigned long'(으)로 변환하면서 데이터가 손실될 수 있습니다.
  main.cpp
  C:\Program Files (x86)\Windows Kits\10\Include\10.0.20348.0\um\dinput.h: DIRECTINPUT_VERSION undefined. Defaulting to version 0x0800
C:\Users\namsy\Desktop\Graphics\Graphics\stdafx.h(8,1): warning C4005: '_WIN32_WINNT': 매크로 재정의
C:\Program Files (x86)\Windows Kits\10\Include\10.0.20348.0\shared\sdkddkver.h(220): message : '_WIN32_WINNT'의 이전 정의를 참조하십시오.
C:\Users\namsy\Desktop\Graphics\Graphics\DxDefine.h(3,1): warning C4005: 'DIRECTINPUT_VERSION': 매크로 재정의
C:\Program Files (x86)\Windows Kits\10\Include\10.0.20348.0\um\dinput.h(48): message : 'DIRECTINPUT_VERSION'의 이전 정의를 참조하십시오.
  modelclass.cpp
  ModelClassForNoiseFilter.cpp
  컴파일하고 있습니다...
  OrthoWindowClass.cpp
  RenderTextureClass.cpp
  ShadowShaderClass.cpp
  SkyDomeClass.cpp
  SkyDomeShaderClass.cpp
  SoftShadowShaderClass.cpp
  SoundClass.cpp
C:\Users\namsy\Desktop\Graphics\Graphics\SoundClass.cpp(142,81): warning C4267: '초기화 중': 'size_t'에서 'unsigned int'(으)로 변환하면서 데이터가 손실될 수 있습니다.
C:\Users\namsy\Desktop\Graphics\Graphics\SoundClass.cpp(247,62): warning C4267: '=': 'size_t'에서 'unsigned int'(으)로 변환하면서 데이터가 손실될 수 있습니다.
  stdafx.cpp
  systemclass.cpp
  C:\Program Files (x86)\Windows Kits\10\Include\10.0.20348.0\um\dinput.h: DIRECTINPUT_VERSION undefined. Defaulting to version 0x0800
C:\Users\namsy\Desktop\Graphics\Graphics\stdafx.h(8,1): warning C4005: '_WIN32_WINNT': 매크로 재정의
C:\Program Files (x86)\Windows Kits\10\Include\10.0.20348.0\shared\sdkddkver.h(220): message : '_WIN32_WINNT'의 이전 정의를 참조하십시오.
C:\Users\namsy\Desktop\Graphics\Graphics\DxDefine.h(3,1): warning C4005: 'DIRECTINPUT_VERSION': 매크로 재정의
C:\Program Files (x86)\Windows Kits\10\Include\10.0.20348.0\um\dinput.h(48): message : 'DIRECTINPUT_VERSION'의 이전 정의를 참조하십시오.
C:\Users\namsy\Desktop\Graphics\Graphics\systemclass.cpp(197,2): warning C4065: switch문에 'default'가 있으나 'case' 레이블이 없습니다.
  TerrainClass.cpp
  TerrainShaderClass.cpp
  textclass.cpp
  textureclass.cpp
  textureshaderclass.cpp
C:\Users\namsy\Desktop\Graphics\Graphics\textureshaderclass.cpp(281,42): warning C4244: '=': 'SIZE_T'에서 'unsigned long'(으)로 변환하면서 데이터가 손실될 수 있습니다.
  TimerClass.cpp
  VerticalBlurShaderClass.cpp
